Picked up JAVA_TOOL_OPTIONS: -Dstdout.encoding=UTF-8 -Dstderr.encoding=UTF-8
[INFO] Scanning for projects...
[INFO] 
[INFO] ---------------------------< com.fatec:demo >---------------------------
[INFO] Building demo 0.0.1-SNAPSHOT
[INFO]   from pom.xml
[INFO] --------------------------------[ jar ]---------------------------------
[INFO] 
[INFO] >>> spring-boot:3.5.9:run (default-cli) > test-compile @ demo >>>
[INFO] 
[INFO] --- resources:3.3.1:resources (default-resources) @ demo ---
[INFO] Copying 1 resource from src\main\resources to target\classes
[INFO] Copying 1 resource from src\main\resources to target\classes
[INFO] 
[INFO] --- compiler:3.14.1:compile (default-compile) @ demo ---
[INFO] Nothing to compile - all classes are up to date.
[INFO] 
[INFO] --- resources:3.3.1:testResources (default-testResources) @ demo ---
[INFO] skip non existing resourceDirectory c:\Users\paimn\Desktop\trabalho fatec\Projeto_Fatec-main\back_fatec\src\test\resources
[INFO] 
[INFO] --- compiler:3.14.1:testCompile (default-testCompile) @ demo ---
[INFO] Nothing to compile - all classes are up to date.
[INFO] 
[INFO] <<< spring-boot:3.5.9:run (default-cli) < test-compile @ demo <<<
[INFO] 
[INFO] 
[INFO] --- spring-boot:3.5.9:run (default-cli) @ demo ---
[INFO] Attaching agents: []
Picked up JAVA_TOOL_OPTIONS: -Dstdout.encoding=UTF-8 -Dstderr.encoding=UTF-8

  .   ____          _            __ _ _
 /\\ / ___'_ __ _ _(_)_ __  __ _ \ \ \ \
( ( )\___ | '_ | '_| | '_ \/ _` | \ \ \ \
 \\/  ___)| |_)| | | | | || (_| |  ) ) ) )
  '  |____| .__|_| |_|_| |_\__, | / / / /
 =========|_|==============|___/=/_/_/_/

 :: Spring Boot ::                (v3.5.9)

2026-04-14T16:40:13.069-03:00  INFO 19016 --- [           main] com.fatec.demo.DemoApplication           : Starting DemoApplication using Java 21.0.10 with PID 19016 (C:\Users\paimn\Desktop\trabalho fatec\Projeto_Fatec-main\back_fatec\target\classes started by paimn in c:\Users\paimn\Desktop\trabalho fatec\Projeto_Fatec-main\back_fatec)
2026-04-14T16:40:13.071-03:00  INFO 19016 --- [           main] com.fatec.demo.DemoApplication           : No active profile set, falling back to 1 default profile: "default"
2026-04-14T16:40:13.842-03:00  INFO 19016 --- [           main] .s.d.r.c.RepositoryConfigurationDelegate : Bootstrapping Spring Data JPA repositories in DEFAULT mode.
2026-04-14T16:40:13.936-03:00  INFO 19016 --- [           main] .s.d.r.c.RepositoryConfigurationDelegate : Finished Spring Data repository scanning in 85 ms. Found 21 JPA repository interfaces.
2026-04-14T16:40:14.505-03:00  INFO 19016 --- [           main] o.s.b.w.embedded.tomcat.TomcatWebServer  : Tomcat initialized with port 8080 (http)
2026-04-14T16:40:14.525-03:00  INFO 19016 --- [           main] o.apache.catalina.core.StandardService   : Starting service [Tomcat]
2026-04-14T16:40:14.525-03:00  INFO 19016 --- [           main] o.apache.catalina.core.StandardEngine    : Starting Servlet engine: [Apache Tomcat/10.1.50]
2026-04-14T16:40:14.608-03:00  INFO 19016 --- [           main] o.a.c.c.C.[Tomcat].[localhost].[/]       : Initializing Spring embedded WebApplicationContext
2026-04-14T16:40:14.608-03:00  INFO 19016 --- [           main] w.s.c.ServletWebServerApplicationContext : Root WebApplicationContext: initialization completed in 1473 ms
2026-04-14T16:40:14.951-03:00  INFO 19016 --- [           main] o.hibernate.jpa.internal.util.LogHelper  : HHH000204: Processing PersistenceUnitInfo [name: default]
2026-04-14T16:40:15.044-03:00  INFO 19016 --- [           main] org.hibernate.Version                    : HHH000412: Hibernate ORM core version 6.6.39.Final
2026-04-14T16:40:15.085-03:00  INFO 19016 --- [           main] o.h.c.internal.RegionFactoryInitiator    : HHH000026: Second-level cache disabled
2026-04-14T16:40:15.487-03:00  INFO 19016 --- [           main] o.s.o.j.p.SpringPersistenceUnitInfo      : No LoadTimeWeaver setup: ignoring JPA class transformer
2026-04-14T16:40:15.549-03:00  INFO 19016 --- [           main] com.zaxxer.hikari.HikariDataSource       : HikariPool-1 - Starting...
2026-04-14T16:40:16.326-03:00  INFO 19016 --- [           main] com.zaxxer.hikari.pool.HikariPool        : HikariPool-1 - Added connection ConnectionID:1 ClientConnectionId: f6339c31-5db7-472b-831d-555634628354
2026-04-14T16:40:16.330-03:00  INFO 19016 --- [           main] com.zaxxer.hikari.HikariDataSource       : HikariPool-1 - Start completed.
2026-04-14T16:40:16.595-03:00  WARN 19016 --- [           main] org.hibernate.orm.deprecation            : HHH90000025: SQLServerDialect does not need to be specified explicitly using 'hibernate.dialect' (remove the property setting and it will be selected by default)
2026-04-14T16:40:16.632-03:00  INFO 19016 --- [           main] org.hibernate.orm.connections.pooling    : HHH10001005: Database info:
	Database JDBC URL [Connecting through datasource 'HikariDataSource (HikariPool-1)']
	Database driver: undefined/unknown
	Database version: 17.0
	Autocommit mode: undefined/unknown
	Isolation level: undefined/unknown
	Minimum pool size: undefined/unknown
	Maximum pool size: undefined/unknown
2026-04-14T16:40:18.150-03:00  INFO 19016 --- [           main] o.h.e.t.j.p.i.JtaPlatformInitiator       : HHH000489: No JTA platform available (set 'hibernate.transaction.jta.platform' to enable JTA platform integration)
2026-04-14T16:40:22.896-03:00  INFO 19016 --- [           main] j.LocalContainerEntityManagerFactoryBean : Initialized JPA EntityManagerFactory for persistence unit 'default'
2026-04-14T16:40:23.218-03:00  INFO 19016 --- [           main] o.s.d.j.r.query.QueryEnhancerFactory     : Hibernate is in classpath; If applicable, HQL parser will be used.
2026-04-14T16:40:24.035-03:00  WARN 19016 --- [           main] JpaBaseConfiguration$JpaWebConfiguration : spring.jpa.open-in-view is enabled by default. Therefore, database queries may be performed during view rendering. Explicitly configure spring.jpa.open-in-view to disable this warning
2026-04-14T16:40:24.155-03:00 DEBUG 19016 --- [           main] s.w.s.m.m.a.RequestMappingHandlerMapping : 118 mappings in 'requestMappingHandlerMapping'
2026-04-14T16:40:24.234-03:00 DEBUG 19016 --- [           main] o.s.w.s.handler.SimpleUrlHandlerMapping  : Patterns [/webjars/**, /**] in 'resourceHandlerMapping'
2026-04-14T16:40:24.269-03:00 DEBUG 19016 --- [           main] s.w.s.m.m.a.RequestMappingHandlerAdapter : ControllerAdvice beans: 0 @ModelAttribute, 0 @InitBinder, 1 RequestBodyAdvice, 1 ResponseBodyAdvice
2026-04-14T16:40:24.327-03:00 DEBUG 19016 --- [           main] .m.m.a.ExceptionHandlerExceptionResolver : ControllerAdvice beans: 0 @ExceptionHandler, 1 ResponseBodyAdvice
2026-04-14T16:40:24.432-03:00  INFO 19016 --- [           main] o.s.b.w.embedded.tomcat.TomcatWebServer  : Tomcat started on port 8080 (http) with context path '/'
2026-04-14T16:40:24.438-03:00  INFO 19016 --- [           main] com.fatec.demo.DemoApplication           : Started DemoApplication in 11.908 seconds (process running for 12.291)
2026-04-14T17:11:29.930-03:00  INFO 19016 --- [nio-8080-exec-2] o.a.c.c.C.[Tomcat].[localhost].[/]       : Initializing Spring DispatcherServlet 'dispatcherServlet'
2026-04-14T17:11:29.936-03:00  INFO 19016 --- [nio-8080-exec-2] o.s.web.servlet.DispatcherServlet        : Initializing Servlet 'dispatcherServlet'
2026-04-14T17:11:29.940-03:00 DEBUG 19016 --- [nio-8080-exec-2] o.s.web.servlet.DispatcherServlet        : Detected StandardServletMultipartResolver
2026-04-14T17:11:29.942-03:00 DEBUG 19016 --- [nio-8080-exec-2] o.s.web.servlet.DispatcherServlet        : Detected AcceptHeaderLocaleResolver
2026-04-14T17:11:29.942-03:00 DEBUG 19016 --- [nio-8080-exec-2] o.s.web.servlet.DispatcherServlet        : Detected FixedThemeResolver
2026-04-14T17:11:29.981-03:00 DEBUG 19016 --- [nio-8080-exec-2] o.s.web.servlet.DispatcherServlet        : Detected org.springframework.web.servlet.view.DefaultRequestToViewNameTranslator@654e793f
2026-04-14T17:11:29.982-03:00 DEBUG 19016 --- [nio-8080-exec-2] o.s.web.servlet.DispatcherServlet        : Detected org.springframework.web.servlet.support.SessionFlashMapManager@52d04234
2026-04-14T17:11:29.984-03:00 DEBUG 19016 --- [nio-8080-exec-2] o.s.web.servlet.DispatcherServlet        : enableLoggingRequestDetails='false': request parameters and headers will be masked to prevent unsafe logging of potentially sensitive data
2026-04-14T17:11:29.984-03:00  INFO 19016 --- [nio-8080-exec-2] o.s.web.servlet.DispatcherServlet        : Completed initialization in 48 ms
2026-04-14T17:11:30.011-03:00 DEBUG 19016 --- [nio-8080-exec-2] o.s.web.servlet.DispatcherServlet        : GET "/categoria", parameters={}
2026-04-14T17:11:30.042-03:00 DEBUG 19016 --- [nio-8080-exec-2] s.w.s.m.m.a.RequestMappingHandlerMapping : Mapped to com.fatec.demo.controller.CategoriaController#findAll()
2026-04-14T17:11:30.487-03:00 DEBUG 19016 --- [nio-8080-exec-2] o.s.w.s.m.m.a.HttpEntityMethodProcessor  : Using 'application/json', given [*/*] and supported [application/json, application/*+json]
2026-04-14T17:11:30.492-03:00 DEBUG 19016 --- [nio-8080-exec-2] o.s.w.s.m.m.a.HttpEntityMethodProcessor  : Writing [[com.fatec.demo.model.Categoria@308ee2ad, com.fatec.demo.model.Categoria@147521ed, com.fatec.demo.mo (truncated)...]
2026-04-14T17:11:30.620-03:00 DEBUG 19016 --- [nio-8080-exec-2] o.s.web.servlet.DispatcherServlet        : Completed 200 OK
2026-04-14T17:11:48.203-03:00 DEBUG 19016 --- [nio-8080-exec-1] o.s.web.servlet.DispatcherServlet        : GET "/categoria", parameters={}
2026-04-14T17:11:48.204-03:00 DEBUG 19016 --- [nio-8080-exec-1] s.w.s.m.m.a.RequestMappingHandlerMapping : Mapped to com.fatec.demo.controller.CategoriaController#findAll()
2026-04-14T17:11:48.214-03:00 DEBUG 19016 --- [nio-8080-exec-3] o.s.web.servlet.DispatcherServlet        : GET "/categoria", parameters={}
2026-04-14T17:11:48.216-03:00 DEBUG 19016 --- [nio-8080-exec-3] s.w.s.m.m.a.RequestMappingHandlerMapping : Mapped to com.fatec.demo.controller.CategoriaController#findAll()
2026-04-14T17:11:48.227-03:00 DEBUG 19016 --- [nio-8080-exec-1] o.s.w.s.m.m.a.HttpEntityMethodProcessor  : Using 'application/json', given [*/*] and supported [application/json, application/*+json]
2026-04-14T17:11:48.228-03:00 DEBUG 19016 --- [nio-8080-exec-3] o.s.w.s.m.m.a.HttpEntityMethodProcessor  : Using 'application/json', given [*/*] and supported [application/json, application/*+json]
2026-04-14T17:11:48.228-03:00 DEBUG 19016 --- [nio-8080-exec-1] o.s.w.s.m.m.a.HttpEntityMethodProcessor  : Writing [[com.fatec.demo.model.Categoria@41536ae2, com.fatec.demo.model.Categoria@c8b9d4a, com.fatec.demo.mod (truncated)...]
2026-04-14T17:11:48.229-03:00 DEBUG 19016 --- [nio-8080-exec-3] o.s.w.s.m.m.a.HttpEntityMethodProcessor  : Writing [[com.fatec.demo.model.Categoria@1f59c6fc, com.fatec.demo.model.Categoria@292d59fe, com.fatec.demo.mo (truncated)...]
2026-04-14T17:11:48.230-03:00 DEBUG 19016 --- [nio-8080-exec-3] o.s.web.servlet.DispatcherServlet        : Completed 200 OK
2026-04-14T17:11:48.230-03:00 DEBUG 19016 --- [nio-8080-exec-1] o.s.web.servlet.DispatcherServlet        : Completed 200 OK
2026-04-14T17:14:17.516-03:00 DEBUG 19016 --- [nio-8080-exec-4] o.s.web.servlet.DispatcherServlet        : GET "/categoria", parameters={}
2026-04-14T17:14:17.517-03:00 DEBUG 19016 --- [nio-8080-exec-4] s.w.s.m.m.a.RequestMappingHandlerMapping : Mapped to com.fatec.demo.controller.CategoriaController#findAll()
2026-04-14T17:14:17.540-03:00 DEBUG 19016 --- [nio-8080-exec-4] o.s.w.s.m.m.a.HttpEntityMethodProcessor  : Using 'application/json', given [*/*] and supported [application/json, application/*+json]
2026-04-14T17:14:17.540-03:00 DEBUG 19016 --- [nio-8080-exec-4] o.s.w.s.m.m.a.HttpEntityMethodProcessor  : Writing [[com.fatec.demo.model.Categoria@3b7742c, com.fatec.demo.model.Categoria@582ba9ae, com.fatec.demo.mod (truncated)...]
2026-04-14T17:14:17.541-03:00 DEBUG 19016 --- [nio-8080-exec-4] o.s.web.servlet.DispatcherServlet        : Completed 200 OK
2026-04-14T17:16:34.986-03:00 DEBUG 19016 --- [nio-8080-exec-5] o.s.web.servlet.DispatcherServlet        : GET "/categoria", parameters={}
2026-04-14T17:16:34.986-03:00 DEBUG 19016 --- [nio-8080-exec-5] s.w.s.m.m.a.RequestMappingHandlerMapping : Mapped to com.fatec.demo.controller.CategoriaController#findAll()
2026-04-14T17:16:34.990-03:00 DEBUG 19016 --- [nio-8080-exec-8] o.s.web.servlet.DispatcherServlet        : GET "/categoria", parameters={}
2026-04-14T17:16:34.990-03:00 DEBUG 19016 --- [nio-8080-exec-8] s.w.s.m.m.a.RequestMappingHandlerMapping : Mapped to com.fatec.demo.controller.CategoriaController#findAll()
2026-04-14T17:16:35.006-03:00 DEBUG 19016 --- [nio-8080-exec-5] o.s.w.s.m.m.a.HttpEntityMethodProcessor  : Using 'application/json', given [*/*] and supported [application/json, application/*+json]
2026-04-14T17:16:35.006-03:00 DEBUG 19016 --- [nio-8080-exec-5] o.s.w.s.m.m.a.HttpEntityMethodProcessor  : Writing [[com.fatec.demo.model.Categoria@24602f18, com.fatec.demo.model.Categoria@5ff67d6e, com.fatec.demo.mo (truncated)...]
2026-04-14T17:16:35.009-03:00 DEBUG 19016 --- [nio-8080-exec-5] o.s.web.servlet.DispatcherServlet        : Completed 200 OK
2026-04-14T17:16:35.014-03:00 DEBUG 19016 --- [nio-8080-exec-8] o.s.w.s.m.m.a.HttpEntityMethodProcessor  : Using 'application/json', given [*/*] and supported [application/json, application/*+json]
2026-04-14T17:16:35.014-03:00 DEBUG 19016 --- [nio-8080-exec-8] o.s.w.s.m.m.a.HttpEntityMethodProcessor  : Writing [[com.fatec.demo.model.Categoria@45ce3f40, com.fatec.demo.model.Categoria@5b642de2, com.fatec.demo.mo (truncated)...]
2026-04-14T17:16:35.015-03:00 DEBUG 19016 --- [nio-8080-exec-8] o.s.web.servlet.DispatcherServlet        : Completed 200 OK
2026-04-14T17:27:47.607-03:00 DEBUG 19016 --- [nio-8080-exec-9] o.s.web.servlet.DispatcherServlet        : GET "/categoria", parameters={}
2026-04-14T17:27:47.617-03:00 DEBUG 19016 --- [nio-8080-exec-9] s.w.s.m.m.a.RequestMappingHandlerMapping : Mapped to com.fatec.demo.controller.CategoriaController#findAll()
2026-04-14T17:27:47.797-03:00 DEBUG 19016 --- [nio-8080-exec-9] o.s.w.s.m.m.a.HttpEntityMethodProcessor  : Using 'application/json', given [*/*] and supported [application/json, application/*+json]
2026-04-14T17:27:47.798-03:00 DEBUG 19016 --- [nio-8080-exec-9] o.s.w.s.m.m.a.HttpEntityMethodProcessor  : Writing [[com.fatec.demo.model.Categoria@2ae6bb7e, com.fatec.demo.model.Categoria@59b6154e, com.fatec.demo.mo (truncated)...]
2026-04-14T17:27:47.807-03:00 DEBUG 19016 --- [nio-8080-exec-9] o.s.web.servlet.DispatcherServlet        : Completed 200 OK
